<?xml version="1.0" encoding="UTF-8"?>
<testng-results skipped="0" failed="0" ignored="0" total="1" passed="1">
  <reporter-output>
  </reporter-output>
  <suite name="Suite" duration-ms="129026" started-at="2018-02-01T19:43:21Z" finished-at="2018-02-01T19:45:30Z">
    <groups>
    </groups>
    <test name="DeclinedPaymentOnBooking" duration-ms="129026" started-at="2018-02-01T19:43:21Z" finished-at="2018-02-01T19:45:30Z">
      <class name="run.runTest">
        <test-method status="PASS" signature="run(org.testng.ITestContext)[pri:0, instance:run.runTest@29ee9faa]" name="run" duration-ms="129002" started-at="2018-02-01T20:43:21Z" finished-at="2018-02-01T20:45:30Z">
          <params>
            <param index="0">
              <value>
                <![CDATA[org.testng.TestRunner@31dc339b]]>
              </value>
            </param>
          </params>
          <reporter-output>
          </reporter-output>
        </test-method> <!-- run -->
      </class> <!-- run.runTest -->
    </test> <!-- DeclinedPaymentOnBooking -->
  </suite> <!-- Suite -->
</testng-results>
